#
# There is insufficient memory for the Java Runtime Environment to continue.
# Native memory allocation (malloc) failed to allocate 138412032 bytes for committing reserved memory.
# Possible reasons:
#   The system is out of physical RAM or swap space
#   In 32 bit mode, the process size limit was hit
# Possible solutions:
#   Reduce memory load on the system
#   Increase physical memory or swap space
#   Check if swap backing store is full
#   Use 64 bit Java on a 64 bit OS
#   Decrease Java heap size (-Xmx/-Xms)
#   Decrease number of Java threads
#   Decrease Java thread stack sizes (-Xss)
#   Set larger code cache with -XX:ReservedCodeCacheSize=
# This output file may be truncated or incomplete.
#
#  Out of Memory Error (os_linux.cpp:2756), pid=14980, tid=140639812908800
#
# JRE version: Java(TM) SE Runtime Environment (7.0_72-b14) (build 1.7.0_72-b14)
# Java VM: Java HotSpot(TM) 64-Bit Server VM (24.72-b04 mixed mode linux-amd64 compressed oops)
# Failed to write core dump. Core dumps have been disabled. To enable core dumping, try "ulimit -c unlimited" before starting Java again
#

---------------  T H R E A D  ---------------

Current thread (0x00007fe94c069800):  VMThread [stack: 0x00007fe94206f000,0x00007fe942170000] [id=14996]

Stack: [0x00007fe94206f000,0x00007fe942170000],  sp=0x00007fe94216e340,  free space=1020k
Native frames: (J=compiled Java code, j=interpreted, Vv=VM code, C=native code)
V  [libjvm.so+0x9a10fa]  VMError::report_and_die()+0x2ea
V  [libjvm.so+0x49755b]  report_vm_out_of_memory(char const*, int, unsigned long, char const*)+0x9b
V  [libjvm.so+0x81ec4e]  os::Linux::commit_memory_impl(char*, unsigned long, bool)+0xfe
V  [libjvm.so+0x81f199]  os::pd_commit_memory(char*, unsigned long, unsigned long, bool)+0x29
V  [libjvm.so+0x818f2a]  os::commit_memory(char*, unsigned long, unsigned long, bool)+0x2a
V  [libjvm.so+0x88ba53]  PSVirtualSpace::expand_by(unsigned long)+0x53
V  [libjvm.so+0x88ce28]  PSYoungGen::resize_generation(unsigned long, unsigned long)+0xf8
V  [libjvm.so+0x88bf92]  PSYoungGen::resize(unsigned long, unsigned long)+0x22
V  [libjvm.so+0x8893e3]  PSScavenge::invoke_no_policy()+0xfb3
V  [libjvm.so+0x889b91]  PSScavenge::invoke()+0x41
V  [libjvm.so+0x8407c0]  ParallelScavengeHeap::failed_mem_allocate(unsigned long)+0x70
V  [libjvm.so+0x9a2987]  VM_ParallelGCFailedAllocation::doit()+0x97
V  [libjvm.so+0x9a9e25]  VM_Operation::evaluate()+0x55
V  [libjvm.so+0x9a81ea]  VMThread::evaluate_operation(VM_Operation*)+0xba
V  [libjvm.so+0x9a856e]  VMThread::loop()+0x1ce
V  [libjvm.so+0x9a89e0]  VMThread::run()+0x70
V  [libjvm.so+0x820c28]  java_start(Thread*)+0x108

VM_Operation (0x00007fe953a9cc50): ParallelGCFailedAllocation, mode: safepoint, requested by thread 0x00007fe94c00a000


---------------  P R O C E S S  ---------------

Java Threads: ( => current thread )
  0x00007fe94c30a800 JavaThread "process reaper" daemon [_thread_blocked, id=15012, stack(0x00007fe9406d3000,0x00007fe94070c000)]
  0x00007fe94c85e800 JavaThread "resolver-4" daemon [_thread_blocked, id=15009, stack(0x00007fe94080d000,0x00007fe94090e000)]
  0x00007fe94c89f000 JavaThread "resolver-3" daemon [_thread_blocked, id=15008, stack(0x00007fe94090e000,0x00007fe940a0f000)]
  0x00007fe94c878800 JavaThread "resolver-2" daemon [_thread_blocked, id=15007, stack(0x00007fe940a0f000,0x00007fe940b10000)]
  0x00007fe94c89b000 JavaThread "resolver-1" daemon [_thread_blocked, id=15006, stack(0x00007fe940b10000,0x00007fe940c11000)]
  0x00007fe94c098800 JavaThread "Service Thread" daemon [_thread_blocked, id=15002, stack(0x00007fe941256000,0x00007fe941357000)]
  0x00007fe94c096000 JavaThread "C2 CompilerThread1" daemon [_thread_blocked, id=15001, stack(0x00007fe941357000,0x00007fe941458000)]
  0x00007fe94c093000 JavaThread "C2 CompilerThread0" daemon [_thread_blocked, id=15000, stack(0x00007fe941458000,0x00007fe941559000)]
  0x00007fe94c091000 JavaThread "Signal Dispatcher" daemon [_thread_blocked, id=14999, stack(0x00007fe941559000,0x00007fe94165a000)]
  0x00007fe94c070000 JavaThread "Finalizer" daemon [_thread_blocked, id=14998, stack(0x00007fe941e6d000,0x00007fe941f6e000)]
  0x00007fe94c06e000 JavaThread "Reference Handler" daemon [_thread_blocked, id=14997, stack(0x00007fe941f6e000,0x00007fe94206f000)]
  0x00007fe94c00a000 JavaThread "main" [_thread_blocked, id=14991, stack(0x00007fe95399f000,0x00007fe953aa0000)]

Other Threads:
=>0x00007fe94c069800 VMThread [stack: 0x00007fe94206f000,0x00007fe942170000] [id=14996]
  0x00007fe94c0a3000 WatcherThread [stack: 0x00007fe941155000,0x00007fe941256000] [id=15003]

VM state:at safepoint (normal execution)

VM Mutex/Monitor currently owned by a thread:  ([mutex/lock_event])
[0x00007fe94c006180] Threads_lock - owner thread: 0x00007fe94c069800
[0x00007fe94c006680] Heap_lock - owner thread: 0x00007fe94c00a000

Heap
 PSYoungGen      total 130048K, used 7136K [0x00000000ed500000, 0x00000000f5b00000, 0x0000000100000000)
  eden space 122880K, 0% used [0x00000000ed500000,0x00000000ed500000,0x00000000f4d00000)
  from space 7168K, 99% used [0x00000000f4d00000,0x00000000f53f8040,0x00000000f5400000)
  to   space 7168K, 0% used [0x00000000f5400000,0x00000000f5400000,0x00000000f5b00000)
 ParOldGen       total 37888K, used 21810K [0x00000000c8000000, 0x00000000ca500000, 0x00000000ed500000)
  object space 37888K, 57% used [0x00000000c8000000,0x00000000c954cbf8,0x00000000ca500000)
 PSPermGen       total 21504K, used 19939K [0x00000000c2e00000, 0x00000000c4300000, 0x00000000c8000000)
  object space 21504K, 92% used [0x00000000c2e00000,0x00000000c4178f18,0x00000000c4300000)

Card table byte_map: [0x00007fe950aa2000,0x00007fe950c8c000] byte_map_base: 0x00007fe95048b000

Polling page: 0x00007fe953abf000

Code Cache  [0x00007fe949000000, 0x00007fe949270000, 0x00007fe94c000000)
 total_blobs=979 nmethods=673 adapters=258 free_code_cache=46897Kb largest_free_block=47916480

Compilation events (10 events):
Event: 16.902 Thread 0x00007fe94c096000  719             java.lang.String::matches (6 bytes)
Event: 16.904 Thread 0x00007fe94c093000  718             org.apache.maven.model.validation.DefaultModelValidator::validateId (70 bytes)
Event: 16.914 Thread 0x00007fe94c096000 nmethod 719 0x00007fe9491f3590 code [0x00007fe9491f3760, 0x00007fe9491f40c8]
Event: 16.914 Thread 0x00007fe94c096000  720  s          java.util.Vector::indexOf (67 bytes)
Event: 16.918 Thread 0x00007fe94c096000 nmethod 720 0x00007fe9491bb890 code [0x00007fe9491bb9e0, 0x00007fe9491bbe38]
Event: 16.918 Thread 0x00007fe94c096000  721             org.apache.maven.model.Dependency::getSystemPath (5 bytes)
Event: 16.918 Thread 0x00007fe94c096000 nmethod 721 0x00007fe9491bb690 code [0x00007fe9491bb7c0, 0x00007fe9491bb818]
Event: 16.926 Thread 0x00007fe94c096000  722   !         org.apache.maven.model.Dependency::clone (137 bytes)
Event: 16.928 Thread 0x00007fe94c093000 nmethod 718 0x00007fe9491f1e10 code [0x00007fe9491f2000, 0x00007fe9491f2bd0]
Event: 16.951 Thread 0x00007fe94c093000  723             java.util.WeakHashMap::getTable (9 bytes)

GC Heap History (10 events):
Event: 1.623 GC heap after
Heap after GC invocations=2 (full 0):
 PSYoungGen      total 32768K, used 2017K [0x00000000ed500000, 0x00000000ef700000, 0x0000000100000000)
  eden space 30720K, 0% used [0x00000000ed500000,0x00000000ed500000,0x00000000ef300000)
  from space 2048K, 98% used [0x00000000ef500000,0x00000000ef6f8760,0x00000000ef700000)
  to   space 2048K, 0% used [0x00000000ef300000,0x00000000ef300000,0x00000000ef500000)
 ParOldGen       total 37888K, used 1578K [0x00000000c8000000, 0x00000000ca500000, 0x00000000ed500000)
  object space 37888K, 4% used [0x00000000c8000000,0x00000000c818a940,0x00000000ca500000)
 PSPermGen       total 21504K, used 7672K [0x00000000c2e00000, 0x00000000c4300000, 0x00000000c8000000)
  object space 21504K, 35% used [0x00000000c2e00000,0x00000000c357e260,0x00000000c4300000)
}
Event: 2.701 GC heap before
{Heap before GC invocations=3 (full 0):
 PSYoungGen      total 32768K, used 32737K [0x00000000ed500000, 0x00000000ef700000, 0x0000000100000000)
  eden space 30720K, 100% used [0x00000000ed500000,0x00000000ef300000,0x00000000ef300000)
  from space 2048K, 98% used [0x00000000ef500000,0x00000000ef6f8760,0x00000000ef700000)
  to   space 2048K, 0% used [0x00000000ef300000,0x00000000ef300000,0x00000000ef500000)
 ParOldGen       total 37888K, used 1578K [0x00000000c8000000, 0x00000000ca500000, 0x00000000ed500000)
  object space 37888K, 4% used [0x00000000c8000000,0x00000000c818a940,0x00000000ca500000)
 PSPermGen       total 21504K, used 10883K [0x00000000c2e00000, 0x00000000c4300000, 0x00000000c8000000)
  object space 21504K, 50% used [0x00000000c2e00000,0x00000000c38a0fc8,0x00000000c4300000)
Event: 2.728 GC heap after
Heap after GC invocations=3 (full 0):
 PSYoungGen      total 32768K, used 2032K [0x00000000ed500000, 0x00000000f1500000, 0x0000000100000000)
  eden space 30720K, 0% used [0x00000000ed500000,0x00000000ed500000,0x00000000ef300000)
  from space 2048K, 99% used [0x00000000ef300000,0x00000000ef4fc010,0x00000000ef500000)
  to   space 2048K, 0% used [0x00000000f1300000,0x00000000f1300000,0x00000000f1500000)
 ParOldGen       total 37888K, used 4239K [0x00000000c8000000, 0x00000000ca500000, 0x00000000ed500000)
  object space 37888K, 11% used [0x00000000c8000000,0x00000000c8423ca8,0x00000000ca500000)
 PSPermGen       total 21504K, used 10883K [0x00000000c2e00000, 0x00000000c4300000, 0x00000000c8000000)
  object space 21504K, 50% used [0x00000000c2e00000,0x00000000c38a0fc8,0x00000000c4300000)
}
Event: 4.500 GC heap before
{Heap before GC invocations=4 (full 0):
 PSYoungGen      total 32768K, used 32752K [0x00000000ed500000, 0x00000000f1500000, 0x0000000100000000)
  eden space 30720K, 100% used [0x00000000ed500000,0x00000000ef300000,0x00000000ef300000)
  from space 2048K, 99% used [0x00000000ef300000,0x00000000ef4fc010,0x00000000ef500000)
  to   space 2048K, 0% used [0x00000000f1300000,0x00000000f1300000,0x00000000f1500000)
 ParOldGen       total 37888K, used 4239K [0x00000000c8000000, 0x00000000ca500000, 0x00000000ed500000)
  object space 37888K, 11% used [0x00000000c8000000,0x00000000c8423ca8,0x00000000ca500000)
 PSPermGen       total 21504K, used 13473K [0x00000000c2e00000, 0x00000000c4300000, 0x00000000c8000000)
  object space 21504K, 62% used [0x00000000c2e00000,0x00000000c3b28470,0x00000000c4300000)
Event: 4.529 GC heap after
Heap after GC invocations=4 (full 0):
 PSYoungGen      total 63488K, used 2048K [0x00000000ed500000, 0x00000000f1500000, 0x0000000100000000)
  eden space 61440K, 0% used [0x00000000ed500000,0x00000000ed500000,0x00000000f1100000)
  from space 2048K, 100% used [0x00000000f1300000,0x00000000f1500000,0x00000000f1500000)
  to   space 2048K, 0% used [0x00000000f1100000,0x00000000f1100000,0x00000000f1300000)
 ParOldGen       total 37888K, used 8319K [0x00000000c8000000, 0x00000000ca500000, 0x00000000ed500000)
  object space 37888K, 21% used [0x00000000c8000000,0x00000000c881ffc8,0x00000000ca500000)
 PSPermGen       total 21504K, used 13473K [0x00000000c2e00000, 0x00000000c4300000, 0x00000000c8000000)
  object space 21504K, 62% used [0x00000000c2e00000,0x00000000c3b28470,0x00000000c4300000)
}
Event: 10.420 GC heap before
{Heap before GC invocations=5 (full 0):
 PSYoungGen      total 63488K, used 63488K [0x00000000ed500000, 0x00000000f1500000, 0x0000000100000000)
  eden space 61440K, 100% used [0x00000000ed500000,0x00000000f1100000,0x00000000f1100000)
  from space 2048K, 100% used [0x00000000f1300000,0x00000000f1500000,0x00000000f1500000)
  to   space 2048K, 0% used [0x00000000f1100000,0x00000000f1100000,0x00000000f1300000)
 ParOldGen       total 37888K, used 8319K [0x00000000c8000000, 0x00000000ca500000, 0x00000000ed500000)
  object space 37888K, 21% used [0x00000000c8000000,0x00000000c881ffc8,0x00000000ca500000)
 PSPermGen       total 21504K, used 13717K [0x00000000c2e00000, 0x00000000c4300000, 0x00000000c8000000)
  object space 21504K, 63% used [0x00000000c2e00000,0x00000000c3b65660,0x00000000c4300000)
Event: 11.122 GC heap after
Heap after GC invocations=5 (full 0):
 PSYoungGen      total 63488K, used 2048K [0x00000000ed500000, 0x00000000f5b00000, 0x0000000100000000)
  eden space 61440K, 0% used [0x00000000ed500000,0x00000000ed500000,0x00000000f1100000)
  from space 2048K, 100% used [0x00000000f1100000,0x00000000f1300000,0x00000000f1300000)
  to   space 7168K, 0% used [0x00000000f5400000,0x00000000f5400000,0x00000000f5b00000)
 ParOldGen       total 37888K, used 11255K [0x00000000c8000000, 0x00000000ca500000, 0x00000000ed500000)
  object space 37888K, 29% used [0x00000000c8000000,0x00000000c8afdcd8,0x00000000ca500000)
 PSPermGen       total 21504K, used 13717K [0x00000000c2e00000, 0x00000000c4300000, 0x00000000c8000000)
  object space 21504K, 63% used [0x00000000c2e00000,0x00000000c3b65660,0x00000000c4300000)
}
Event: 13.240 GC heap before
{Heap before GC invocations=6 (full 0):
 PSYoungGen      total 63488K, used 63488K [0x00000000ed500000, 0x00000000f5b00000, 0x0000000100000000)
  eden space 61440K, 100% used [0x00000000ed500000,0x00000000f1100000,0x00000000f1100000)
  from space 2048K, 100% used [0x00000000f1100000,0x00000000f1300000,0x00000000f1300000)
  to   space 7168K, 0% used [0x00000000f5400000,0x00000000f5400000,0x00000000f5b00000)
 ParOldGen       total 37888K, used 11255K [0x00000000c8000000, 0x00000000ca500000, 0x00000000ed500000)
  object space 37888K, 29% used [0x00000000c8000000,0x00000000c8afdcd8,0x00000000ca500000)
 PSPermGen       total 21504K, used 14353K [0x00000000c2e00000, 0x00000000c4300000, 0x00000000c8000000)
  object space 21504K, 66% used [0x00000000c2e00000,0x00000000c3c04460,0x00000000c4300000)
Event: 13.257 GC heap after
Heap after GC invocations=6 (full 0):
 PSYoungGen      total 130048K, used 5170K [0x00000000ed500000, 0x00000000f5b00000, 0x0000000100000000)
  eden space 122880K, 0% used [0x00000000ed500000,0x00000000ed500000,0x00000000f4d00000)
  from space 7168K, 72% used [0x00000000f5400000,0x00000000f590cab0,0x00000000f5b00000)
  to   space 7168K, 0% used [0x00000000f4d00000,0x00000000f4d00000,0x00000000f5400000)
 ParOldGen       total 37888K, used 11255K [0x00000000c8000000, 0x00000000ca500000, 0x00000000ed500000)
  object space 37888K, 29% used [0x00000000c8000000,0x00000000c8afdcd8,0x00000000ca500000)
 PSPermGen       total 21504K, used 14353K [0x00000000c2e00000, 0x00000000c4300000, 0x00000000c8000000)
  object space 21504K, 66% used [0x00000000c2e00000,0x00000000c3c04460,0x00000000c4300000)
}
Event: 16.959 GC heap before
{Heap before GC invocations=7 (full 0):
 PSYoungGen      total 130048K, used 128050K [0x00000000ed500000, 0x00000000f5b00000, 0x0000000100000000)
  eden space 122880K, 100% used [0x00000000ed500000,0x00000000f4d00000,0x00000000f4d00000)
  from space 7168K, 72% used [0x00000000f5400000,0x00000000f590cab0,0x00000000f5b00000)
  to   space 7168K, 0% used [0x00000000f4d00000,0x00000000f4d00000,0x00000000f5400000)
 ParOldGen       total 37888K, used 11255K [0x00000000c8000000, 0x00000000ca500000, 0x00000000ed500000)
  object space 37888K, 29% used [0x00000000c8000000,0x00000000c8afdcd8,0x00000000ca500000)
 PSPermGen       total 21504K, used 19939K [0x00000000c2e00000, 0x00000000c4300000, 0x00000000c8000000)
  object space 21504K, 92% used [0x00000000c2e00000,0x00000000c4178f18,0x00000000c4300000)

Deoptimization events (10 events):
Event: 15.351 Thread 0x00007fe94c89f000 Uncommon trap: reason=unreached action=reinterpret pc=0x00007fe949181244 method=java.lang.ThreadLocal.get()Ljava/lang/Object; @ 11
Event: 15.402 Thread 0x00007fe94c00a000 Uncommon trap: reason=class_check action=maybe_recompile pc=0x00007fe9490bbfe0 method=java.util.Hashtable.get(Ljava/lang/Object;)Ljava/lang/Object; @ 46
Event: 15.405 Thread 0x00007fe94c00a000 Uncommon trap: reason=class_check action=maybe_recompile pc=0x00007fe9490bbfe0 method=java.util.Hashtable.get(Ljava/lang/Object;)Ljava/lang/Object; @ 46
Event: 16.289 Thread 0x00007fe94c289000 Uncommon trap: reason=class_check action=maybe_recompile pc=0x00007fe9490bbfe0 method=java.util.Hashtable.get(Ljava/lang/Object;)Ljava/lang/Object; @ 46
Event: 16.289 Thread 0x00007fe94c289000 Uncommon trap: reason=class_check action=maybe_recompile pc=0x00007fe9490bbfe0 method=java.util.Hashtable.get(Ljava/lang/Object;)Ljava/lang/Object; @ 46
Event: 16.294 Thread 0x00007fe94c303800 Uncommon trap: reason=unreached action=reinterpret pc=0x00007fe9490fd6d0 method=java.io.BufferedReader.readLine(Z)Ljava/lang/String; @ 265
Event: 16.501 Thread 0x00007fe94c00a000 Uncommon trap: reason=null_check action=make_not_entrant pc=0x00007fe949235630 method=org.sonatype.guice.bean.locators.RankedSequence.topRank()I @ 4
Event: 16.575 Thread 0x00007fe94c00a000 Uncommon trap: reason=null_check action=make_not_entrant pc=0x00007fe94922239c method=org.sonatype.guice.bean.locators.RankedSequence.topRank()I @ 4
Event: 16.822 Thread 0x00007fe94c00a000 Uncommon trap: reason=bimorphic action=maybe_recompile pc=0x00007fe949069840 method=java.util.AbstractSet.equals(Ljava/lang/Object;)Z @ 22
Event: 16.842 Thread 0x00007fe94c00a000 Uncommon trap: reason=bimorphic action=maybe_recompile pc=0x00007fe949069840 method=java.util.AbstractSet.equals(Ljava/lang/Object;)Z @ 22

Internal exceptions (10 events):
Event: 16.653 Thread 0x00007fe94c00a000 Threw 0x00000000f36abca8 at /HUDSON/workspace/7u-2-build-linux-amd64/jdk7u72/1606/hotspot/src/share/vm/prims/jvm.cpp:1281
Event: 16.654 Thread 0x00007fe94c00a000 Threw 0x00000000f36b30f8 at /HUDSON/workspace/7u-2-build-linux-amd64/jdk7u72/1606/hotspot/src/share/vm/prims/jvm.cpp:1281
Event: 16.656 Thread 0x00007fe94c00a000 Threw 0x00000000f36c51a0 at /HUDSON/workspace/7u-2-build-linux-amd64/jdk7u72/1606/hotspot/src/share/vm/prims/jvm.cpp:1281
Event: 16.659 Thread 0x00007fe94c00a000 Threw 0x00000000f36cdfb0 at /HUDSON/workspace/7u-2-build-linux-amd64/jdk7u72/1606/hotspot/src/share/vm/prims/jvm.cpp:1281
Event: 16.661 Thread 0x00007fe94c00a000 Threw 0x00000000f36dbbd8 at /HUDSON/workspace/7u-2-build-linux-amd64/jdk7u72/1606/hotspot/src/share/vm/prims/jvm.cpp:1281
Event: 16.663 Thread 0x00007fe94c00a000 Threw 0x00000000f36e5f28 at /HUDSON/workspace/7u-2-build-linux-amd64/jdk7u72/1606/hotspot/src/share/vm/prims/jvm.cpp:1281
Event: 16.687 Thread 0x00007fe94c00a000 Threw 0x00000000f3760298 at /HUDSON/workspace/7u-2-build-linux-amd64/jdk7u72/1606/hotspot/src/share/vm/prims/jvm.cpp:1281
Event: 16.687 Thread 0x00007fe94c00a000 Threw 0x00000000f37632f8 at /HUDSON/workspace/7u-2-build-linux-amd64/jdk7u72/1606/hotspot/src/share/vm/prims/jvm.cpp:1281
Event: 16.689 Thread 0x00007fe94c00a000 Threw 0x00000000f3769cf0 at /HUDSON/workspace/7u-2-build-linux-amd64/jdk7u72/1606/hotspot/src/share/vm/prims/jvm.cpp:1281
Event: 16.690 Thread 0x00007fe94c00a000 Threw 0x00000000f376fa18 at /HUDSON/workspace/7u-2-build-linux-amd64/jdk7u72/1606/hotspot/src/share/vm/prims/jvm.cpp:1281

Events (10 events):
Event: 16.690 loading class 0x00007fe94c5d0da0 done
Event: 16.690 loading class 0x00007fe94c5d0da0
Event: 16.690 loading class 0x00007fe94c5d0da0 done
Event: 16.822 Thread 0x00007fe94c00a000 Uncommon trap: trap_request=0xffffffc6 fr.pc=0x00007fe949069840
Event: 16.822 Thread 0x00007fe94c00a000 DEOPT PACKING pc=0x00007fe949069840 sp=0x00007fe953a9ce80
Event: 16.822 Thread 0x00007fe94c00a000 DEOPT UNPACKING pc=0x00007fe949039445 sp=0x00007fe953a9ce48 mode 2
Event: 16.842 Thread 0x00007fe94c00a000 Uncommon trap: trap_request=0xffffffc6 fr.pc=0x00007fe949069840
Event: 16.842 Thread 0x00007fe94c00a000 DEOPT PACKING pc=0x00007fe949069840 sp=0x00007fe953a9ce80
Event: 16.842 Thread 0x00007fe94c00a000 DEOPT UNPACKING pc=0x00007fe949039445 sp=0x00007fe953a9ce48 mode 2
Event: 16.958 Executing VM operation: ParallelGCFailedAllocation


Dynamic libraries:
00400000-00401000 r-xp 00000000 08:06 531181                             /usr/lib/jvm/java-7-oracle/bin/java
00600000-00601000 rw-p 00000000 08:06 531181                             /usr/lib/jvm/java-7-oracle/bin/java
01101000-01122000 rw-p 00000000 00:00 0                                  [heap]
c2e00000-c4300000 rw-p 00000000 00:00 0 
c4300000-c8000000 rw-p 00000000 00:00 0 
c8000000-ca500000 rw-p 00000000 00:00 0 
ca500000-ed500000 rw-p 00000000 00:00 0 
ed500000-f5b00000 rw-p 00000000 00:00 0 
fdf00000-100000000 rw-p 00000000 00:00 0 
7fe8ec000000-7fe8ec021000 rw-p 00000000 00:00 0 
7fe8ec021000-7fe8f0000000 ---p 00000000 00:00 0 
7fe8f4000000-7fe8f4021000 rw-p 00000000 00:00 0 
7fe8f4021000-7fe8f8000000 ---p 00000000 00:00 0 
7fe8f8000000-7fe8f8021000 rw-p 00000000 00:00 0 
7fe8f8021000-7fe8fc000000 ---p 00000000 00:00 0 
7fe8fc000000-7fe8fc021000 rw-p 00000000 00:00 0 
7fe8fc021000-7fe900000000 ---p 00000000 00:00 0 
7fe900000000-7fe900021000 rw-p 00000000 00:00 0 
7fe900021000-7fe904000000 ---p 00000000 00:00 0 
7fe904000000-7fe904021000 rw-p 00000000 00:00 0 
7fe904021000-7fe908000000 ---p 00000000 00:00 0 
7fe908000000-7fe908021000 rw-p 00000000 00:00 0 
7fe908021000-7fe90c000000 ---p 00000000 00:00 0 
7fe90c000000-7fe90c021000 rw-p 00000000 00:00 0 
7fe90c021000-7fe910000000 ---p 00000000 00:00 0 
7fe910000000-7fe910021000 rw-p 00000000 00:00 0 
7fe910021000-7fe914000000 ---p 00000000 00:00 0 
7fe914000000-7fe914d09000 rw-p 00000000 00:00 0 
7fe914d09000-7fe918000000 ---p 00000000 00:00 0 
7fe918000000-7fe918021000 rw-p 00000000 00:00 0 
7fe918021000-7fe91c000000 ---p 00000000 00:00 0 
7fe91c000000-7fe91c021000 rw-p 00000000 00:00 0 
7fe91c021000-7fe920000000 ---p 00000000 00:00 0 
7fe920000000-7fe920f35000 rw-p 00000000 00:00 0 
7fe920f35000-7fe924000000 ---p 00000000 00:00 0 
7fe924000000-7fe924021000 rw-p 00000000 00:00 0 
7fe924021000-7fe928000000 ---p 00000000 00:00 0 
7fe928000000-7fe928021000 rw-p 00000000 00:00 0 
7fe928021000-7fe92c000000 ---p 00000000 00:00 0 
7fe92c000000-7fe92c021000 rw-p 00000000 00:00 0 
7fe92c021000-7fe930000000 ---p 00000000 00:00 0 
7fe930000000-7fe93025d000 rw-p 00000000 00:00 0 
7fe93025d000-7fe934000000 ---p 00000000 00:00 0 
7fe934000000-7fe934021000 rw-p 00000000 00:00 0 
7fe934021000-7fe938000000 ---p 00000000 00:00 0 
7fe93c000000-7fe93c021000 rw-p 00000000 00:00 0 
7fe93c021000-7fe940000000 ---p 00000000 00:00 0 
7fe9404c0000-7fe9404c1000 rw-p 00000000 00:00 0 
7fe9404c1000-7fe9404c4000 r--s 0002f000 08:06 1988363                    /home/puppybit/.m2/repository/org/codehaus/plexus/plexus-utils/1.4.9/plexus-utils-1.4.9.jar
7fe9404c4000-7fe9404c8000 r--s 0002f000 08:06 1470262                    /home/puppybit/.m2/repository/commons-lang/commons-lang/2.1/commons-lang-2.1.jar
7fe9404c8000-7fe9404c9000 r--s 00002000 08:06 2107205                    /home/puppybit/.m2/repository/org/codehaus/plexus/plexus-io/1.0-alpha-1/plexus-io-1.0-alpha-1.jar
7fe9404c9000-7fe9404cd000 r--s 00023000 08:06 2107206                    /home/puppybit/.m2/repository/org/codehaus/plexus/plexus-archiver/1.0-alpha-9/plexus-archiver-1.0-alpha-9.jar
7fe9404cd000-7fe9404cf000 r--s 00003000 08:06 2107204                    /home/puppybit/.m2/repository/org/apache/maven/maven-archiver/2.3/maven-archiver-2.3.jar
7fe9404cf000-7fe9404d1000 r--s 00005000 08:06 1719124                    /home/puppybit/.m2/repository/org/apache/maven/plugins/maven-jar-plugin/2.2/maven-jar-plugin-2.2.jar
7fe9404d1000-7fe9404d4000 ---p 00000000 00:00 0 
7fe9404d4000-7fe9405d2000 rw-p 00000000 00:00 0 
7fe9405d2000-7fe9405d5000 ---p 00000000 00:00 0 
7fe9405d5000-7fe9406d3000 rw-p 00000000 00:00 0 
7fe9406d3000-7fe9406d6000 ---p 00000000 00:00 0 
7fe9406d6000-7fe94070c000 rw-p 00000000 00:00 0                          [stack:15012]
7fe94070c000-7fe94070f000 ---p 00000000 00:00 0 
7fe94070f000-7fe94080d000 rw-p 00000000 00:00 0 
7fe94080d000-7fe940810000 ---p 00000000 00:00 0 
7fe940810000-7fe94090e000 rw-p 00000000 00:00 0                          [stack:15009]
7fe94090e000-7fe940911000 ---p 00000000 00:00 0 
7fe940911000-7fe940a0f000 rw-p 00000000 00:00 0                          [stack:15008]
7fe940a0f000-7fe940a12000 ---p 00000000 00:00 0 
7fe940a12000-7fe940b10000 rw-p 00000000 00:00 0                          [stack:15007]
7fe940b10000-7fe940b13000 ---p 00000000 00:00 0 
7fe940b13000-7fe940c11000 rw-p 00000000 00:00 0                          [stack:15006]
7fe940c11000-7fe940c12000 r--s 00002000 08:06 1201632                    /home/puppybit/.m2/repository/org/apache/maven/reporting/maven-reporting-api/2.0.9/maven-reporting-api-2.0.9.jar
7fe940c12000-7fe940c15000 r--s 00034000 08:06 1988357                    /home/puppybit/.m2/repository/org/codehaus/plexus/plexus-utils/2.1/plexus-utils-2.1.jar
7fe940c15000-7fe940c17000 r--s 00006000 08:06 2107070                    /home/puppybit/.m2/repository/org/apache/maven/shared/maven-common-artifact-filters/1.3/maven-common-artifact-filters-1.3.jar
7fe940c17000-7fe940c19000 r--s 0000d000 08:06 2107069                    /home/puppybit/.m2/repository/org/apache/maven/surefire/maven-surefire-common/2.10/maven-surefire-common-2.10.jar
7fe940c19000-7fe940c1e000 r--s 00023000 08:06 2107071                    /home/puppybit/.m2/repository/org/apache/maven/surefire/surefire-api/2.10/surefire-api-2.10.jar
7fe940c1e000-7fe940c20000 r--s 00007000 08:06 2107068                    /home/puppybit/.m2/repository/org/apache/maven/surefire/surefire-booter/2.10/surefire-booter-2.10.jar
7fe940c20000-7fe940c22000 r--s 00006000 08:06 1586715                    /home/puppybit/.m2/repository/org/apache/maven/plugins/maven-surefire-plugin/2.10/maven-surefire-plugin-2.10.jar
7fe940c22000-7fe940c29000 r--s 00000000 08:06 809533                     /usr/lib/x86_64-linux-gnu/gconv/gconv-modules.cache
7fe940c29000-7fe940c4f000 r--p 00000000 08:06 800593                     /usr/share/locale-langpack/ko/LC_MESSAGES/libc.mo
7fe940c4f000-7fe940cba000 r--s 00e22000 08:06 534070                     /usr/lib/jvm/java-7-oracle/lib/tools.jar
7fe940cba000-7fe940cbd000 r--s 0001b000 08:06 1060525                    /home/puppybit/.m2/repository/junit/junit/3.8.2/junit-3.8.2.jar
7fe940cbd000-7fe940ccb000 r--s 0008f000 08:06 1714382                    /home/puppybit/.m2/repository/com/google/collections/google-collections/1.0/google-collections-1.0.jar
7fe940ccb000-7fe940ccc000 r--s 0000a000 08:06 1714379                    /home/puppybit/.m2/repository/commons-logging/commons-logging-api/1.1/commons-logging-api-1.1.jar
7fe940ccc000-7fe940cd3000 r--s 00051000 08:06 1714377                    /home/puppybit/.m2/repository/log4j/log4j/1.2.12/log4j-1.2.12.jar
7fe940cd3000-7fe940cd7000 r--s 0001d000 08:06 670033                     /home/puppybit/.m2/repository/org/apache/xbean/xbean-reflect/3.4/xbean-reflect-3.4.jar
7fe940cd7000-7fe940cd8000 r--s 00004000 08:06 1714375                    /home/puppybit/.m2/repository/org/codehaus/plexus/plexus-compiler-javac/2.2/plexus-compiler-javac-2.2.jar
7fe940cd8000-7fe940cda000 r--s 00000000 08:06 1714370                    /home/puppybit/.m2/repository/org/codehaus/plexus/plexus-compiler-manager/2.2/plexus-compiler-manager-2.2.jar
7fe940cda000-7fe940cdc000 r--s 00005000 08:06 1714371                    /home/puppybit/.m2/repository/org/codehaus/plexus/plexus-compiler-api/2.2/plexus-compiler-api-2.2.jar
7fe940cdc000-7fe940cde000 r--s 00000000 08:06 1714021                    /home/puppybit/.m2/repository/org/codehaus/plexus/plexus-component-annotations/1.5.5/plexus-component-annotations-1.5.5.jar
7fe940cde000-7fe940ce0000 r--s 00002000 08:06 1714369                    /home/puppybit/.m2/repository/org/apache/maven/shared/maven-shared-incremental/1.1/maven-shared-incremental-1.1.jar
7fe940ce0000-7fe940ce2000 r--s 00006000 08:06 1714087                    /home/puppybit/.m2/repository/com/google/code/findbugs/jsr305/2.0.1/jsr305-2.0.1.jar
7fe940ce2000-7fe940ce5000 r--s 00023000 08:06 1714368                    /home/puppybit/.m2/repository/org/apache/maven/shared/maven-shared-utils/0.1/maven-shared-utils-0.1.jar
7fe940ce5000-7fe940ce9000 r--s 00030000 08:06 1714372                    /home/puppybit/.m2/repository/org/codehaus/plexus/plexus-utils/1.5.1/plexus-utils-1.5.1.jar
7fe940ce9000-7fe940ceb000 r--s 00009000 08:06 1349847                    /home/puppybit/.m2/repository/org/apache/maven/plugins/maven-compiler-plugin/3.1/maven-compiler-plugin-3.1.jar
7fe940ceb000-7fe940ced000 r--s 0000b000 08:06 1988064                    /home/puppybit/.m2/repository/org/codehaus/plexus/plexus-interpolation/1.6/plexus-interpolation-1.6.jar
7fe940ced000-7fe940cef000 r--s 00002000 08:06 1349829                    /home/puppybit/.m2/repository/org/codehaus/plexus/plexus-interactivity-api/1.0-alpha-4/plexus-interactivity-api-1.0-alpha-4.jar
7fe940cef000-7fe940cf1000 r--s 00006000 08:06 1349827                    /home/puppybit/.m2/repository/commons-cli/commons-cli/1.0/commons-cli-1.0.jar
7fe940cf1000-7fe940cf2000 r--s 00001000 08:06 1714223                    /home/puppybit/.m2/repository/org/apache/maven/doxia/doxia-sink-api/1.0-alpha-7/doxia-sink-api-1.0-alpha-7.jar
7fe940cf2000-7fe940cf4000 r--s 00007000 08:06 1719140                    /home/puppybit/.m2/repository/org/apache/maven/shared/maven-filtering/1.0-beta-2/maven-filtering-1.0-beta-2.jar
7fe940cf4000-7fe940cf9000 r--s 00039000 08:06 1719134                    /home/puppybit/.m2/repository/org/codehaus/plexus/plexus-utils/1.5.6/plexus-utils-1.5.6.jar
7fe940cf9000-7fe940cfc000 r--s 0001b000 08:06 1466636                    /home/puppybit/.m2/repository/junit/junit/3.8.1/junit-3.8.1.jar
7fe940cfc000-7fe940d2d000 rw-p 00000000 00:00 0 
7fe940d2d000-7fe940d43000 r-xp 00000000 08:06 531884                     /usr/lib/jvm/java-7-oracle/jre/lib/amd64/libnet.so
7fe940d43000-7fe940f43000 ---p 00016000 08:06 531884                     /usr/lib/jvm/java-7-oracle/jre/lib/amd64/libnet.so
7fe940f43000-7fe940f44000 rw-p 00016000 08:06 531884                     /usr/lib/jvm/java-7-oracle/jre/lib/amd64/libnet.so
7fe940f44000-7fe940f54000 r-xp 00000000 08:06 531924                     /usr/lib/jvm/java-7-oracle/jre/lib/amd64/libnio.so
7fe940f54000-7fe941154000 ---p 00010000 08:06 531924                     /usr/lib/jvm/java-7-oracle/jre/lib/amd64/libnio.so
7fe941154000-7fe941155000 rw-p 00010000 08:06 531924                     /usr/lib/jvm/java-7-oracle/jre/lib/amd64/libnio.so
7fe941155000-7fe941156000 ---p 00000000 00:00 0 
7fe941156000-7fe941256000 rw-p 00000000 00:00 0                          [stack:15003]
7fe941256000-7fe941259000 ---p 00000000 00:00 0 
7fe941259000-7fe941357000 rw-p 00000000 00:00 0                          [stack:15002]
7fe941357000-7fe94135a000 ---p 00000000 00:00 0 
7fe94135a000-7fe941458000 rw-p 00000000 00:00 0                          [stack:15001]
7fe941458000-7fe94145b000 ---p 00000000 00:00 0 
7fe94145b000-7fe941559000 rw-p 00000000 00:00 0                          [stack:15000]
7fe941559000-7fe94155c000 ---p 00000000 00:00 0 
7fe94155c000-7fe94165a000 rw-p 00000000 00:00 0                          [stack:14999]
7fe94165a000-7fe941e6d000 r--p 00000000 08:06 532506                     /usr/lib/locale/locale-archive
7fe941e6d000-7fe941e70000 ---p 00000000 00:00 0 
7fe941e70000-7fe941f6e000 rw-p 00000000 00:00 0                          [stack:14998]
7fe941f6e000-7fe941f71000 ---p 00000000 00:00 0 
7fe941f71000-7fe94206f000 rw-p 00000000 00:00 0                          [stack:14997]
7fe94206f000-7fe942070000 ---p 00000000 00:00 0 
7fe942070000-7fe944000000 rw-p 00000000 00:00 0                          [stack:14996]
7fe944000000-7fe944021000 rw-p 00000000 00:00 0 
7fe944021000-7fe948000000 ---p 00000000 00:00 0 
7fe948000000-7fe948001000 r--s 00002000 08:06 1714224                    /home/puppybit/.m2/repository/org/apache/maven/reporting/maven-reporting-api/2.0.6/maven-reporting-api-2.0.6.jar
7fe948001000-7fe948003000 r--s 00004000 08:06 1201911                    /home/puppybit/.m2/repository/org/apache/maven/plugins/maven-resources-plugin/2.3/maven-resources-plugin-2.3.jar
7fe948003000-7fe948007000 r--s 00034000 08:06 933980                     /home/puppybit/.m2/repository/org/codehaus/plexus/plexus-utils/3.0/plexus-utils-3.0.jar
7fe948007000-7fe948009000 r--s 00005000 08:06 933923                     /home/puppybit/.m2/repository/org/apache/maven/plugins/maven-clean-plugin/2.5/maven-clean-plugin-2.5.jar
7fe948009000-7fe94800e000 r--s 0008a000 08:06 531370                     /usr/lib/jvm/java-7-oracle/jre/lib/jsse.jar
7fe94800e000-7fe948010000 r--s 00025000 08:06 802120                     /usr/share/java/maven3-model-3.0.5.jar
7fe948010000-7fe948012000 r--s 00000000 08:06 801940                     /usr/share/java/plexus-component-annotations-1.5-1.5.5.jar
7fe948012000-7fe948016000 r--s 000f7000 08:06 531971                     /usr/lib/jvm/java-7-oracle/jre/lib/ext/localedata.jar
7fe948016000-7fe948018000 r--s 00007000 08:06 801599                     /usr/share/java/commons-cli-1.2.jar
7fe948018000-7fe948019000 r--s 00001000 08:06 802083                     /usr/share/java/wagon-file-2.x.jar
7fe948019000-7fe94801f000 r--s 00046000 08:06 801763                     /usr/share/java/commons-httpclient-3.1.jar
7fe94801f000-7fe948021000 r--s 00009000 08:06 802128                     /usr/share/java/maven3-plugin-api-3.0.5.jar
7fe948021000-7fe948023000 r--s 0000b000 08:06 802119                     /usr/share/java/maven3-aether-provider-3.0.5.jar
7fe948023000-7fe948025000 r--s 00008000 08:06 802122                     /usr/share/java/maven3-embedder-3.0.5.jar
7fe948025000-7fe948031000 r--s 0007c000 08:06 802121                     /usr/share/java/maven3-core-3.0.5.jar
7fe948031000-7fe948035000 r--s 00020000 08:06 802129                     /usr/share/java/maven3-model-builder-3.0.5.jar
7fe948035000-7fe948037000 r--s 0000a000 08:06 802082                     /usr/share/java/wagon-provider-api-2.x.jar
7fe948037000-7fe948053000 r--s 00110000 08:06 802090                     /usr/share/java/wagon-http-shaded-2.x.jar
7fe948053000-7fe948059000 r--s 0003e000 08:06 802127                     /usr/share/java/maven3-compat-3.0.5.jar
7fe948059000-7fe948065000 r--s 00082000 08:06 801951                     /usr/share/java/sisu-guice.jar
7fe948065000-7fe94808e000 r--s 001e9000 08:06 801622                     /usr/share/java/guava.jar
7fe94808e000-7fe949000000 rw-p 00000000 00:00 0 
7fe949000000-7fe949270000 rwxp 00000000 00:00 0 
7fe949270000-7fe94cb7f000 rw-p 00000000 00:00 0 
7fe94cb7f000-7fe950000000 ---p 00000000 00:00 0 
7fe950000000-7fe950001000 r--s 0000d000 08:06 801314                     /usr/share/java/commons-logging-1.1.3.jar
7fe950001000-7fe950002000 r--s 00003000 08:06 1313559                    /usr/share/maven-repo/org/sonatype/aether/aether-spi/1.13.1/aether-spi-1.13.1.jar
7fe950002000-7fe950004000 r--s 0000a000 08:06 802125                     /usr/share/java/maven3-artifact-3.0.5.jar
7fe950004000-7fe950007000 r--s 00013000 08:06 1313564                    /usr/share/maven-repo/org/sonatype/aether/aether-api/1.13.1/aether-api-1.13.1.jar
7fe950007000-7fe950009000 r--s 00007000 08:06 802126                     /usr/share/java/maven3-settings-builder-3.0.5.jar
7fe950009000-7fe95000c000 r--s 0001d000 08:06 1313576                    /usr/share/maven-repo/org/sonatype/aether/aether-impl/1.13.1/aether-impl-1.13.1.jar
7fe95000c000-7fe95000e000 r--s 00002000 08:06 801759                     /usr/share/java/plexus-cipher.jar
7fe95000e000-7fe950015000 r--s 00040000 08:06 801960                     /usr/share/java/sisu-inject-bean.jar
7fe950015000-7fe95001b000 r--s 0002c000 08:06 801955                     /usr/share/java/sisu-inject-plexus.jar
7fe95001b000-7fe9500a8000 rw-p 00000000 00:00 0 
7fe9500a8000-7fe950268000 r--s 039ea000 08:06 531368                     /usr/lib/jvm/java-7-oracle/jre/lib/rt.jar
7fe950268000-7fe95054a000 rw-p 00000000 00:00 0 
7fe95054a000-7fe95054b000 ---p 00000000 00:00 0 
7fe95054b000-7fe95064b000 rw-p 00000000 00:00 0                          [stack:14995]
7fe95064b000-7fe95064c000 ---p 00000000 00:00 0 
7fe95064c000-7fe95074c000 rw-p 00000000 00:00 0                          [stack:14994]
7fe95074c000-7fe95074d000 ---p 00000000 00:00 0 
7fe95074d000-7fe95084d000 rw-p 00000000 00:00 0                          [stack:14993]
7fe95084d000-7fe95084e000 ---p 00000000 00:00 0 
7fe95084e000-7fe950959000 rw-p 00000000 00:00 0                          [stack:14992]
7fe950959000-7fe950977000 rw-p 00000000 00:00 0 
7fe950977000-7fe95098a000 rw-p 00000000 00:00 0 
7fe95098a000-7fe950aa2000 rw-p 00000000 00:00 0 
7fe950aa2000-7fe950aad000 rw-p 00000000 00:00 0 
7fe950aad000-7fe950acb000 rw-p 00000000 00:00 0 
7fe950acb000-7fe950ade000 rw-p 00000000 00:00 0 
7fe950ade000-7fe950bf5000 rw-p 00000000 00:00 0 
7fe950bf5000-7fe950c39000 rw-p 00000000 00:00 0 
7fe950c39000-7fe950c8b000 rw-p 00000000 00:00 0 
7fe950c8b000-7fe950c8c000 rw-p 00000000 00:00 0 
7fe950c8c000-7fe950ca6000 r-xp 00000000 08:06 531932                     /usr/lib/jvm/java-7-oracle/jre/lib/amd64/libzip.so
7fe950ca6000-7fe950ea6000 ---p 0001a000 08:06 531932                     /usr/lib/jvm/java-7-oracle/jre/lib/amd64/libzip.so
7fe950ea6000-7fe950ea7000 rw-p 0001a000 08:06 531932                     /usr/lib/jvm/java-7-oracle/jre/lib/amd64/libzip.so
7fe950ea7000-7fe950eb2000 r-xp 00000000 08:06 1470027                    /lib/x86_64-linux-gnu/libnss_files-2.19.so
7fe950eb2000-7fe9510b1000 ---p 0000b000 08:06 1470027                    /lib/x86_64-linux-gnu/libnss_files-2.19.so
7fe9510b1000-7fe9510b2000 r--p 0000a000 08:06 1470027                    /lib/x86_64-linux-gnu/libnss_files-2.19.so
7fe9510b2000-7fe9510b3000 rw-p 0000b000 08:06 1470027                    /lib/x86_64-linux-gnu/libnss_files-2.19.so
7fe9510b3000-7fe9510be000 r-xp 00000000 08:06 1470035                    /lib/x86_64-linux-gnu/libnss_nis-2.19.so
7fe9510be000-7fe9512bd000 ---p 0000b000 08:06 1470035                    /lib/x86_64-linux-gnu/libnss_nis-2.19.so
7fe9512bd000-7fe9512be000 r--p 0000a000 08:06 1470035                    /lib/x86_64-linux-gnu/libnss_nis-2.19.so
7fe9512be000-7fe9512bf000 rw-p 0000b000 08:06 1470035                    /lib/x86_64-linux-gnu/libnss_nis-2.19.so
7fe9512bf000-7fe9512d6000 r-xp 00000000 08:06 1446398                    /lib/x86_64-linux-gnu/libnsl-2.19.so
7fe9512d6000-7fe9514d5000 ---p 00017000 08:06 1446398                    /lib/x86_64-linux-gnu/libnsl-2.19.so
7fe9514d5000-7fe9514d6000 r--p 00016000 08:06 1446398                    /lib/x86_64-linux-gnu/libnsl-2.19.so
7fe9514d6000-7fe9514d7000 rw-p 00017000 08:06 1446398                    /lib/x86_64-linux-gnu/libnsl-2.19.so
7fe9514d7000-7fe9514d9000 rw-p 00000000 00:00 0 
7fe9514d9000-7fe9514e2000 r-xp 00000000 08:06 1470031                    /lib/x86_64-linux-gnu/libnss_compat-2.19.so
7fe9514e2000-7fe9516e1000 ---p 00009000 08:06 1470031                    /lib/x86_64-linux-gnu/libnss_compat-2.19.so
7fe9516e1000-7fe9516e2000 r--p 00008000 08:06 1470031                    /lib/x86_64-linux-gnu/libnss_compat-2.19.so
7fe9516e2000-7fe9516e3000 rw-p 00009000 08:06 1470031                    /lib/x86_64-linux-gnu/libnss_compat-2.19.so
7fe9516e3000-7fe95170c000 r-xp 00000000 08:06 531928                     /usr/lib/jvm/java-7-oracle/jre/lib/amd64/libjava.so
7fe95170c000-7fe95190c000 ---p 00029000 08:06 531928                     /usr/lib/jvm/java-7-oracle/jre/lib/amd64/libjava.so
7fe95190c000-7fe95190e000 rw-p 00029000 08:06 531928                     /usr/lib/jvm/java-7-oracle/jre/lib/amd64/libjava.so
7fe95190e000-7fe95191b000 r-xp 00000000 08:06 531901                     /usr/lib/jvm/java-7-oracle/jre/lib/amd64/libverify.so
7fe95191b000-7fe951b1a000 ---p 0000d000 08:06 531901                     /usr/lib/jvm/java-7-oracle/jre/lib/amd64/libverify.so
7fe951b1a000-7fe951b1c000 rw-p 0000c000 08:06 531901                     /usr/lib/jvm/java-7-oracle/jre/lib/amd64/libverify.so
7fe951b1c000-7fe951b23000 r-xp 00000000 08:06 1470038                    /lib/x86_64-linux-gnu/librt-2.19.so
7fe951b23000-7fe951d22000 ---p 00007000 08:06 1470038                    /lib/x86_64-linux-gnu/librt-2.19.so
7fe951d22000-7fe951d23000 r--p 00006000 08:06 1470038                    /lib/x86_64-linux-gnu/librt-2.19.so
7fe951d23000-7fe951d24000 rw-p 00007000 08:06 1470038                    /lib/x86_64-linux-gnu/librt-2.19.so
7fe951d24000-7fe951e29000 r-xp 00000000 08:06 1446133                    /lib/x86_64-linux-gnu/libm-2.19.so
7fe951e29000-7fe952028000 ---p 00105000 08:06 1446133                    /lib/x86_64-linux-gnu/libm-2.19.so
7fe952028000-7fe952029000 r--p 00104000 08:06 1446133                    /lib/x86_64-linux-gnu/libm-2.19.so
7fe952029000-7fe95202a000 rw-p 00105000 08:06 1446133                    /lib/x86_64-linux-gnu/libm-2.19.so
7fe95202a000-7fe952b9d000 r-xp 00000000 08:06 531911                     /usr/lib/jvm/java-7-oracle/jre/lib/amd64/server/libjvm.so
7fe952b9d000-7fe952d9c000 ---p 00b73000 08:06 531911                     /usr/lib/jvm/java-7-oracle/jre/lib/amd64/server/libjvm.so
7fe952d9c000-7fe952e60000 rw-p 00b72000 08:06 531911                     /usr/lib/jvm/java-7-oracle/jre/lib/amd64/server/libjvm.so
7fe952e60000-7fe952ea1000 rw-p 00000000 00:00 0 
7fe952ea1000-7fe95305c000 r-xp 00000000 08:06 1470036                    /lib/x86_64-linux-gnu/libc-2.19.so
7fe95305c000-7fe95325c000 ---p 001bb000 08:06 1470036                    /lib/x86_64-linux-gnu/libc-2.19.so
7fe95325c000-7fe953260000 r--p 001bb000 08:06 1470036                    /lib/x86_64-linux-gnu/libc-2.19.so
7fe953260000-7fe953262000 rw-p 001bf000 08:06 1470036                    /lib/x86_64-linux-gnu/libc-2.19.so
7fe953262000-7fe953267000 rw-p 00000000 00:00 0 
7fe953267000-7fe95326a000 r-xp 00000000 08:06 1470029                    /lib/x86_64-linux-gnu/libdl-2.19.so
7fe95326a000-7fe953469000 ---p 00003000 08:06 1470029                    /lib/x86_64-linux-gnu/libdl-2.19.so
7fe953469000-7fe95346a000 r--p 00002000 08:06 1470029                    /lib/x86_64-linux-gnu/libdl-2.19.so
7fe95346a000-7fe95346b000 rw-p 00003000 08:06 1470029                    /lib/x86_64-linux-gnu/libdl-2.19.so
7fe95346b000-7fe953481000 r-xp 00000000 08:06 669385                     /usr/lib/jvm/java-7-oracle/lib/amd64/jli/libjli.so
7fe953481000-7fe953681000 ---p 00016000 08:06 669385                     /usr/lib/jvm/java-7-oracle/lib/amd64/jli/libjli.so
7fe953681000-7fe953682000 rw-p 00016000 08:06 669385                     /usr/lib/jvm/java-7-oracle/lib/amd64/jli/libjli.so
7fe953682000-7fe95369b000 r-xp 00000000 08:06 1461652                    /lib/x86_64-linux-gnu/libpthread-2.19.so
7fe95369b000-7fe95389a000 ---p 00019000 08:06 1461652                    /lib/x86_64-linux-gnu/libpthread-2.19.so
7fe95389a000-7fe95389b000 r--p 00018000 08:06 1461652                    /lib/x86_64-linux-gnu/libpthread-2.19.so
7fe95389b000-7fe95389c000 rw-p 00019000 08:06 1461652                    /lib/x86_64-linux-gnu/libpthread-2.19.so
7fe95389c000-7fe9538a0000 rw-p 00000000 00:00 0 
7fe9538a0000-7fe9538c3000 r-xp 00000000 08:06 1470033                    /lib/x86_64-linux-gnu/ld-2.19.so
7fe9538c3000-7fe9538c4000 r--s 00006000 08:06 801761                     /usr/share/java/plexus-sec-dispatcher.jar
7fe9538c4000-7fe9538cb000 r--s 0003b000 08:06 801644                     /usr/share/java/commons-codec-1.9.jar
7fe9538cb000-7fe9538e9000 rw-p 00000000 00:00 0 
7fe9538e9000-7fe95399f000 rw-p 00000000 00:00 0 
7fe95399f000-7fe9539a2000 ---p 00000000 00:00 0 
7fe9539a2000-7fe953aa4000 rw-p 00000000 00:00 0                          [stack:14991]
7fe953aa4000-7fe953aa8000 r--s 00033000 08:06 801933                     /usr/share/java/plexus-utils2-2.0.5.jar
7fe953aa8000-7fe953aaa000 r--s 00009000 08:06 802123                     /usr/share/java/maven3-settings-3.0.5.jar
7fe953aaa000-7fe953aac000 r--s 00005000 08:06 802124                     /usr/share/java/maven3-repository-metadata-3.0.5.jar
7fe953aac000-7fe953aae000 r--s 0000e000 08:06 801656                     /usr/share/java/plexus-interpolation.jar
7fe953aae000-7fe953ab2000 r--s 0001c000 08:06 1313547                    /usr/share/maven-repo/org/sonatype/aether/aether-util/1.13.1/aether-util-1.13.1.jar
7fe953ab2000-7fe953ab4000 r--s 00006000 08:06 1313582                    /usr/share/maven-repo/org/sonatype/aether/aether-connector-wagon/1.13.1/aether-connector-wagon-1.13.1.jar
7fe953ab4000-7fe953ab6000 r--s 0000a000 08:06 801579                     /usr/share/java/plexus-classworlds2-2.5.1.jar
7fe953ab6000-7fe953abe000 rw-s 00000000 08:06 140654                     /tmp/hsperfdata_puppybit/14980
7fe953abe000-7fe953abf000 rw-p 00000000 00:00 0 
7fe953abf000-7fe953ac0000 ---p 00000000 00:00 0 
7fe953ac0000-7fe953ac2000 rw-p 00000000 00:00 0 
7fe953ac2000-7fe953ac3000 r--p 00022000 08:06 1470033                    /lib/x86_64-linux-gnu/ld-2.19.so
7fe953ac3000-7fe953ac4000 rw-p 00023000 08:06 1470033                    /lib/x86_64-linux-gnu/ld-2.19.so
7fe953ac4000-7fe953ac5000 rw-p 00000000 00:00 0 
7fff3b496000-7fff3b4b8000 rw-p 00000000 00:00 0                          [stack]
7fff3b4f0000-7fff3b4f2000 r-xp 00000000 00:00 0                          [vdso]
ffffffffff600000-ffffffffff601000 r-xp 00000000 00:00 0                  [vsyscall]

VM Arguments:
jvm_args: -Dclassworlds.conf=/usr/share/maven/bin/m2.conf -Dmaven.home=/usr/share/maven 
java_command: org.codehaus.plexus.classworlds.launcher.Launcher clean install
Launcher Type: SUN_STANDARD

Environment Variables:
JAVA_HOME=/usr/lib/jvm/java-7-oracle
PATH=/usr/local/sbin:/usr/local/bin:/usr/sbin:/usr/bin:/sbin:/bin:/usr/games:/usr/local/games:/usr/lib/jvm/java-7-oracle/bin:/usr/local/hadoop/bin:/usr/local/hadoop/sbin:/usr/local/hadoop/bin:/usr/local/hadoop/sbin:/usr/local/bioinfo/bin:/usr/local/IDEA/bin
SHELL=/bin/bash
DISPLAY=:0

Signal Handlers:
SIGSEGV: [libjvm.so+0x9a1a10], sa_mask[0]=0x7ffbfeff, sa_flags=0x10000004
SIGBUS: [libjvm.so+0x9a1a10], sa_mask[0]=0x7ffbfeff, sa_flags=0x10000004
SIGFPE: [libjvm.so+0x81bae0], sa_mask[0]=0x7ffbfeff, sa_flags=0x10000004
SIGPIPE: [libjvm.so+0x81bae0], sa_mask[0]=0x7ffbfeff, sa_flags=0x10000004
SIGXFSZ: [libjvm.so+0x81bae0], sa_mask[0]=0x7ffbfeff, sa_flags=0x10000004
SIGILL: [libjvm.so+0x81bae0], sa_mask[0]=0x7ffbfeff, sa_flags=0x10000004
SIGUSR1: SIG_DFL, sa_mask[0]=0x00000000, sa_flags=0x00000000
SIGUSR2: [libjvm.so+0x81d2e0], sa_mask[0]=0x00000000, sa_flags=0x10000004
SIGHUP: [libjvm.so+0x81e400], sa_mask[0]=0x7ffbfeff, sa_flags=0x10000004
SIGINT: [libjvm.so+0x81e400], sa_mask[0]=0x7ffbfeff, sa_flags=0x10000004
SIGTERM: [libjvm.so+0x81e400], sa_mask[0]=0x7ffbfeff, sa_flags=0x10000004
SIGQUIT: [libjvm.so+0x81e400], sa_mask[0]=0x7ffbfeff, sa_flags=0x10000004


---------------  S Y S T E M  ---------------

OS:jessie/sid

uname:Linux 3.13.0-43-generic #72-Ubuntu SMP Mon Dec 8 19:35:06 UTC 2014 x86_64
libc:glibc 2.19 NPTL 2.19 
rlimit: STACK 8192k, CORE 0k, NPROC 28379, NOFILE 4096, AS infinity
load average:3.78 1.92 1.17

/proc/meminfo:
MemTotal:        3662508 kB
MemFree:          114892 kB
Buffers:            2620 kB
Cached:           346456 kB
SwapCached:        42580 kB
Active:          2542960 kB
Inactive:         777044 kB
Active(anon):    2524264 kB
Inactive(anon):   761868 kB
Active(file):      18696 kB
Inactive(file):    15176 kB
Unevictable:         276 kB
Mlocked:             276 kB
SwapTotal:       3999740 kB
SwapFree:              0 kB
Dirty:                32 kB
Writeback:             0 kB
AnonPages:       2928672 kB
Mapped:            17504 kB
Shmem:            315176 kB
Slab:              89736 kB
SReclaimable:      36424 kB
SUnreclaim:        53312 kB
KernelStack:       11688 kB
PageTables:        68708 kB
NFS_Unstable:          0 kB
Bounce:                0 kB
WritebackTmp:          0 kB
CommitLimit:     5830992 kB
Committed_AS:   18807240 kB
VmallocTotal:   34359738367 kB
VmallocUsed:      350540 kB
VmallocChunk:   34359374168 kB
HardwareCorrupted:     0 kB
AnonHugePages:    581632 kB
HugePages_Total:       0
HugePages_Free:        0
HugePages_Rsvd:        0
HugePages_Surp:        0
Hugepagesize:       2048 kB
DirectMap4k:       77748 kB
DirectMap2M:     3729408 kB


CPU:total 4 (2 cores per cpu, 2 threads per core) family 6 model 58 stepping 9, cmov, cx8, fxsr, mmx, sse, sse2, sse3, ssse3, sse4.1, sse4.2, popcnt, avx, erms, ht, tsc, tscinvbit, tscinv

/proc/cpuinfo:
processor	: 0
vendor_id	: GenuineIntel
cpu family	: 6
model		: 58
model name	: Intel(R) Core(TM) i5-3337U CPU @ 1.80GHz
stepping	: 9
microcode	: 0x17
cpu MHz		: 774.000
cache size	: 3072 KB
physical id	: 0
siblings	: 4
core id		: 0
cpu cores	: 2
apicid		: 0
initial apicid	: 0
fpu		: yes
fpu_exception	: yes
cpuid level	: 13
wp		: yes
flags		: fpu vme de pse tsc msr pae mce cx8 apic sep mtrr pge mca cmov pat pse36 clflush dts acpi mmx fxsr sse sse2 ss ht tm pbe syscall nx rdtscp lm constant_tsc arch_perfmon pebs bts rep_good nopl xtopology nonstop_tsc aperfmperf eagerfpu pni pclmulqdq dtes64 monitor ds_cpl vmx est tm2 ssse3 cx16 xtpr pdcm pcid sse4_1 sse4_2 x2apic popcnt tsc_deadline_timer xsave avx f16c rdrand lahf_lm ida arat epb xsaveopt pln pts dtherm tpr_shadow vnmi flexpriority ept vpid fsgsbase smep erms
bogomips	: 3591.84
clflush size	: 64
cache_alignment	: 64
address sizes	: 36 bits physical, 48 bits virtual
power management:

processor	: 1
vendor_id	: GenuineIntel
cpu family	: 6
model		: 58
model name	: Intel(R) Core(TM) i5-3337U CPU @ 1.80GHz
stepping	: 9
microcode	: 0x17
cpu MHz		: 1801.000
cache size	: 3072 KB
physical id	: 0
siblings	: 4
core id		: 0
cpu cores	: 2
apicid		: 1
initial apicid	: 1
fpu		: yes
fpu_exception	: yes
cpuid level	: 13
wp		: yes
flags		: fpu vme de pse tsc msr pae mce cx8 apic sep mtrr pge mca cmov pat pse36 clflush dts acpi mmx fxsr sse sse2 ss ht tm pbe syscall nx rdtscp lm constant_tsc arch_perfmon pebs bts rep_good nopl xtopology nonstop_tsc aperfmperf eagerfpu pni pclmulqdq dtes64 monitor ds_cpl vmx est tm2 ssse3 cx16 xtpr pdcm pcid sse4_1 sse4_2 x2apic popcnt tsc_deadline_timer xsave avx f16c rdrand lahf_lm ida arat epb xsaveopt pln pts dtherm tpr_shadow vnmi flexpriority ept vpid fsgsbase smep erms
bogomips	: 3591.84
clflush size	: 64
cache_alignment	: 64
address sizes	: 36 bits physical, 48 bits virtual
power management:

processor	: 2
vendor_id	: GenuineIntel
cpu family	: 6
model		: 58
model name	: Intel(R) Core(TM) i5-3337U CPU @ 1.80GHz
stepping	: 9
microcode	: 0x17
cpu MHz		: 1801.000
cache size	: 3072 KB
physical id	: 0
siblings	: 4
core id		: 1
cpu cores	: 2
apicid		: 2
initial apicid	: 2
fpu		: yes
fpu_exception	: yes
cpuid level	: 13
wp		: yes
flags		: fpu vme de pse tsc msr pae mce cx8 apic sep mtrr pge mca cmov pat pse36 clflush dts acpi mmx fxsr sse sse2 ss ht tm pbe syscall nx rdtscp lm constant_tsc arch_perfmon pebs bts rep_good nopl xtopology nonstop_tsc aperfmperf eagerfpu pni pclmulqdq dtes64 monitor ds_cpl vmx est tm2 ssse3 cx16 xtpr pdcm pcid sse4_1 sse4_2 x2apic popcnt tsc_deadline_timer xsave avx f16c rdrand lahf_lm ida arat epb xsaveopt pln pts dtherm tpr_shadow vnmi flexpriority ept vpid fsgsbase smep erms
bogomips	: 3591.84
clflush size	: 64
cache_alignment	: 64
address sizes	: 36 bits physical, 48 bits virtual
power management:

processor	: 3
vendor_id	: GenuineIntel
cpu family	: 6
model		: 58
model name	: Intel(R) Core(TM) i5-3337U CPU @ 1.80GHz
stepping	: 9
microcode	: 0x17
cpu MHz		: 1801.000
cache size	: 3072 KB
physical id	: 0
siblings	: 4
core id		: 1
cpu cores	: 2
apicid		: 3
initial apicid	: 3
fpu		: yes
fpu_exception	: yes
cpuid level	: 13
wp		: yes
flags		: fpu vme de pse tsc msr pae mce cx8 apic sep mtrr pge mca cmov pat pse36 clflush dts acpi mmx fxsr sse sse2 ss ht tm pbe syscall nx rdtscp lm constant_tsc arch_perfmon pebs bts rep_good nopl xtopology nonstop_tsc aperfmperf eagerfpu pni pclmulqdq dtes64 monitor ds_cpl vmx est tm2 ssse3 cx16 xtpr pdcm pcid sse4_1 sse4_2 x2apic popcnt tsc_deadline_timer xsave avx f16c rdrand lahf_lm ida arat epb xsaveopt pln pts dtherm tpr_shadow vnmi flexpriority ept vpid fsgsbase smep erms
bogomips	: 3591.84
clflush size	: 64
cache_alignment	: 64
address sizes	: 36 bits physical, 48 bits virtual
power management:



Memory: 4k page, physical 3662508k(116700k free), swap 3999740k(0k free)

vm_info: Java HotSpot(TM) 64-Bit Server VM (24.72-b04) for linux-amd64 JRE (1.7.0_72-b14), built on Sep 26 2014 18:20:41 by "java_re" with gcc 4.3.0 20080428 (Red Hat 4.3.0-8)

time: Sun Dec 14 18:59:46 2014
elapsed time: 17 seconds

